   0.0000000000000000        1.6882819003591540        1.4360553570831366E-003
   5.0000002374872565E-004   1.5209826105063002        1.4110266040505165E-004
   1.0000000474974513E-003   1.4020627247045381        1.4095283136012930E-004
   1.5000000130385160E-003   1.3070013651964842        1.5752236202679740E-004
   2.0000000949949026E-003   1.2271126381666295        1.7130335683858102E-004
   2.4999999441206455E-003   1.1576240714097528        1.8348636274527965E-004
   3.0000000260770321E-003   1.0962090291759703        1.9339012766853792E-004
   3.5000001080334187E-003   1.0409519606875084        1.9830762048614567E-004
   4.0000001899898052E-003  0.99083285750352823        2.0164549698908530E-004
   4.4999998062849045E-003  0.94497242361299250        2.0436846855947122E-004
   4.9999998882412910E-003  0.90266934833188095        2.0716429062290229E-004
   5.4999999701976776E-003  0.86354206211408824        2.0760669618317084E-004
   6.0000000521540642E-003  0.82707287296595156        2.0916190740749341E-004
   6.5000001341104507E-003  0.79290403987678781        2.1088172386831176E-004
   7.0000002160668373E-003  0.76092177149755769        2.1152841503315961E-004
   7.4999998323619366E-003  0.73085495365731534        2.1295589704197217E-004
   8.0000003799796104E-003  0.70253205991708845        2.1185294031491933E-004
   8.5000004619359970E-003  0.67569656468132888        2.1328358497488397E-004
   8.9999996125698090E-003  0.65035157729903648        2.1228509678899044E-004
   9.4999996945261955E-003  0.62622018836030713        2.1258506113834598E-004
   9.9999997764825821E-003  0.60336530690602919        2.1278103701961740E-004
   1.0499999858438969E-002  0.58170753461073854        2.1264653065036088E-004
   1.0999999940395355E-002  0.56095158910967913        2.1128870271695013E-004
   1.1500000022351742E-002  0.54128741145415116        2.1051601468950452E-004
   1.2000000104308128E-002  0.52250159129149920        2.0852395300196481E-004
   1.2500000186264515E-002  0.50453765203656342        2.0703878603044111E-004
   1.3000000268220901E-002  0.48732499850554961        2.0528550834094856E-004
   1.3500000350177288E-002  0.47082657642267634        2.0492675490781730E-004
   1.4000000432133675E-002  0.45508232269172982        2.0448929419242129E-004
   1.4499999582767487E-002  0.44005859263446689        2.0111066949177043E-004
   1.4999999664723873E-002  0.42558108503504122        1.9911960224922793E-004
   1.5499999746680260E-002  0.41174193274652188        1.9805089668682472E-004
   1.6000000759959221E-002  0.39847659298834448        1.9445654057820890E-004
   1.6499999910593033E-002  0.38572083962187154        1.9415342182649764E-004
   1.7000000923871994E-002  0.37346223854350480        1.9315957899443173E-004
   1.7500000074505806E-002  0.36170989363984785        1.8910265936938593E-004
   1.7999999225139618E-002  0.35039881730369410        1.8420848152347923E-004
   1.8500000238418579E-002  0.33945926831416900        1.8109893338305339E-004
   1.8999999389052391E-002  0.32894923823468275        1.7963226846069006E-004
   1.9500000402331352E-002  0.31883156141257352        1.7901444758601176E-004
   1.9999999552965164E-002  0.30907764761035295        1.7839750591375374E-004
   2.0500000566244125E-002  0.29964053788580425        1.7506067032367636E-004
   2.0999999716877937E-002  0.29063629324426754        1.7329452055483917E-004
   2.1500000730156898E-002  0.28188369739920116        1.7278405705306558E-004
   2.1999999880790710E-002  0.27358195998917267        1.7030510720766770E-004
   2.2500000894069672E-002  0.26545706699050886        1.7038355675367604E-004
   2.3000000044703484E-002  0.25762069502524698        1.6867604856963297E-004
   2.3499999195337296E-002  0.25008960895550375        1.6807868481017374E-004
   2.4000000208616257E-002  0.24282384235365345        1.6694431895269431E-004
   2.4499999359250069E-002  0.23574245286181686        1.6548585515918567E-004
   2.5000000372529030E-002  0.22891107851344203        1.6466138344323016E-004
   2.5499999523162842E-002  0.22229474005704908        1.6234911993120489E-004
   2.6000000536441803E-002  0.21594156197631226        1.5972133971265491E-004
   2.6499999687075615E-002  0.20980820971863859        1.5804138271231633E-004
   2.7000000700354576E-002  0.20387379403012793        1.5727013884642550E-004
   2.7499999850988388E-002  0.19811769697585943        1.5399553166767216E-004
   2.8000000864267349E-002  0.19246785450323459        1.5249134520625853E-004
   2.8500000014901161E-002  0.18707213820372631        1.4983231182390933E-004
   2.8999999165534973E-002  0.18190765235320849        1.4923201661255946E-004
   2.9500000178813934E-002  0.17686332907372779        1.4539295319991859E-004
   2.9999999329447746E-002  0.17198549308404171        1.4389939673277105E-004
   3.0500000342726707E-002  0.16727925582728964        1.4321200306404713E-004
   3.0999999493360519E-002  0.16266039331642360        1.4211348766250006E-004
   3.1500000506639481E-002  0.15822668976265145        1.3808141269563938E-004
   3.2000001519918442E-002  0.15396878692907126        1.3533924728498909E-004
   3.2499998807907104E-002  0.14975577339650811        1.3324703220559211E-004
   3.2999999821186066E-002  0.14575243912420138        1.3129453695910571E-004
   3.3500000834465027E-002  0.14183162370113131        1.3073254376673075E-004
   3.4000001847743988E-002  0.13803387252889859        1.2981424254565797E-004
   3.4499999135732651E-002  0.13434487718529795        1.2773054937833145E-004
   3.5000000149011612E-002  0.13076190362273277        1.2638904192516329E-004
   3.5500001162290573E-002  0.12732064457096701        1.2671748325046884E-004
   3.5999998450279236E-002  0.12391165879256759        1.2610119464813945E-004
   3.6499999463558197E-002  0.12067232469433734        1.2392365982272365E-004
   3.7000000476837158E-002  0.11746911067114406        1.2393570465451793E-004
   3.7500001490116119E-002  0.11437446305489646        1.2315896921827538E-004
   3.7999998778104782E-002  0.11143105366067770        1.2048243888062336E-004
   3.8499999791383743E-002  0.10852083879492627        1.2091565892907530E-004
   3.9000000804662704E-002  0.10573273036290450        1.1833198488937710E-004
   3.9500001817941666E-002  0.10301459634606337        1.1747162670273947E-004
   3.9999999105930328E-002  0.10032071292595070        1.1756216344314755E-004
   4.0500000119209290E-002   9.7776324008386151E-002   1.1491298130027495E-004
   4.1000001132488251E-002   9.5263456546560474E-002   1.1355124898368038E-004
   4.1499998420476913E-002   9.2831162383095925E-002   1.1227114015374959E-004
   4.1999999433755875E-002   9.0500268625772970E-002   1.1012998680604709E-004
   4.2500000447034836E-002   8.8195844287336955E-002   1.0857101641481643E-004
   4.3000001460313797E-002   8.5941579414802724E-002   1.0747455528160348E-004
   4.3499998748302460E-002   8.3764652605627890E-002   1.0675190067164201E-004
   4.3999999761581421E-002   8.1689236313034513E-002   1.0665620381543017E-004
   4.4500000774860382E-002   7.9628998164905540E-002   1.0650341039039913E-004
   4.5000001788139343E-002   7.7618549327898800E-002   1.0436778439586313E-004
   4.5499999076128006E-002   7.5700650529687774E-002   1.0335460225031303E-004
   4.6000000089406967E-002   7.3855705690861487E-002   1.0267171037165334E-004
   4.6500001102685928E-002   7.1968520196124930E-002   1.0139636781987199E-004
   4.6999998390674591E-002   7.0208092154719667E-002   1.0034281974449422E-004
   4.7499999403953552E-002   6.8470428864323987E-002   9.9172841065949151E-005
   4.8000000417232513E-002   6.6757699314333188E-002   9.8682932788405532E-005
   4.8500001430511475E-002   6.5147522635711039E-002   9.8088392430403250E-005
   4.8999998718500137E-002   6.3550580609609372E-002   9.5998740930486125E-005
   4.9499999731779099E-002   6.1978053941628190E-002   9.4609894169987431E-005
   5.0000000745058060E-002   6.0454460163425656E-002   9.4127719143376388E-005
   5.0500001758337021E-002   5.9019828049110740E-002   9.3585598496042188E-005
   5.0999999046325684E-002   5.7610199142707430E-002   9.3030017543671589E-005
   5.1500000059604645E-002   5.6227448386909067E-002   9.3151311356388917E-005
   5.2000001072883606E-002   5.4856262874979675E-002   9.2344065649411399E-005
   5.2499998360872269E-002   5.3531328390465018E-002   9.2753313650728109E-005
   5.2999999374151230E-002   5.2251685427442546E-002   9.2044337815713704E-005
   5.3500000387430191E-002   5.1004969622319617E-002   9.0742378677282734E-005
   5.4000001400709152E-002   4.9791995572301996E-002   8.9606495736825961E-005
   5.4499998688697815E-002   4.8591953381399287E-002   8.7860097287897291E-005
   5.4999999701976776E-002   4.7399610536668135E-002   8.7734939139192110E-005
   5.5500000715255737E-002   4.6273548198413096E-002   8.6645678962028589E-005
   5.6000001728534698E-002   4.5174417296925166E-002   8.6513119434770833E-005
   5.6499999016523361E-002   4.4144715265208911E-002   8.5466377656053522E-005
   5.7000000029802322E-002   4.3085987524909539E-002   8.4384983417369101E-005
   5.7500001043081284E-002   4.2059735359145992E-002   8.3108249126585847E-005
   5.7999998331069946E-002   4.1067878869639592E-002   8.1163859092246189E-005
   5.8499999344348907E-002   4.0051184416241010E-002   8.0095118424990014E-005
   5.9000000357627869E-002   3.9105864310431844E-002   7.9262174373235606E-005
   5.9500001370906830E-002   3.8200194949472216E-002   7.8265520936860296E-005
   5.9999998658895493E-002   3.7300740697469414E-002   7.7095628977179577E-005
   6.0499999672174454E-002   3.6406239400615201E-002   7.6956029291580351E-005
   6.1000000685453415E-002   3.5558120477505221E-002   7.5950505844123007E-005
   6.1500001698732376E-002   3.4742014493887467E-002   7.5433831705588671E-005
   6.1999998986721039E-002   3.3960787239336994E-002   7.5387343015509092E-005
   6.2500000000000000E-002   3.3160592549794241E-002   7.4198080938583591E-005
   6.3000001013278961E-002   3.2406583666319266E-002   7.3759808369760896E-005
   6.3500002026557922E-002   3.1644885491374709E-002   7.2858824154531851E-005
   6.4000003039836884E-002   3.0912594727006675E-002   7.1760772004232287E-005
   6.4499996602535248E-002   3.0191822201964754E-002   7.1789319095385179E-005
   6.4999997615814209E-002   2.9495942452815484E-002   7.1028656505421557E-005
   6.5499998629093170E-002   2.8848007266161553E-002   6.9822532506071922E-005
   6.5999999642372131E-002   2.8229628953122851E-002   6.8651131678803932E-005
   6.6500000655651093E-002   2.7605333635688713E-002   6.8465317601397793E-005
   6.7000001668930054E-002   2.6995056269121662E-002   6.9273826363268530E-005
   6.7500002682209015E-002   2.6354000984248453E-002   6.7358926094415308E-005
   6.8000003695487976E-002   2.5752930569840928E-002   6.6984861722385689E-005
   6.8499997258186340E-002   2.5185005466464648E-002   6.6732883799925155E-005
   6.8999998271465302E-002   2.4640199161658907E-002   6.6751071330104866E-005
   6.9499999284744263E-002   2.4054217849102284E-002   6.4667126456853394E-005
   7.0000000298023224E-002   2.3516087452339796E-002   6.3711367440187611E-005
   7.0500001311302185E-002   2.2986442252633837E-002   6.2839230442428458E-005
   7.1000002324581146E-002   2.2469827258293770E-002   6.1829178055842715E-005
   7.1500003337860107E-002   2.1990746805140311E-002   6.0302313683455546E-005
   7.1999996900558472E-002   2.1502172578405265E-002   6.0588595185707966E-005
   7.2499997913837433E-002   2.1028107733456206E-002   5.9999747689181435E-005
   7.2999998927116394E-002   2.0573306547137699E-002   5.8870846488928571E-005
   7.3499999940395355E-002   2.0150745643872609E-002   5.8715468166414547E-005
   7.4000000953674316E-002   1.9730986826164264E-002   5.9530249633469197E-005
   7.4500001966953278E-002   1.9242843317018109E-002   5.7510381356402644E-005
   7.5000002980232239E-002   1.8844046413774039E-002   5.8223777281612177E-005
