   0.0000000000000000        2.2307945108345506        2.8301438476621254E-004
   5.0000002374872565E-004   2.1672880324495050        2.7841488297373834E-004
   1.0000000474974513E-003   2.1090401127191925        2.7614327711542719E-004
   1.5000000130385160E-003   2.0546515108385845        2.7820839225618706E-004
   2.0000000949949026E-003   2.0034654488150943        2.8057016653423882E-004
   2.4999999441206455E-003   1.9549549098063237        2.8686018520297541E-004
   3.0000000260770321E-003   1.9087157146983829        2.9152145253742083E-004
   3.5000001080334187E-003   1.8646904142302387        2.9656467373227085E-004
   4.0000001899898052E-003   1.8225688581607098        3.0274954750249749E-004
   4.4999998062849045E-003   1.7822998497137588        3.0923162771576845E-004
   4.9999998882412910E-003   1.7436078801471588        3.1240552974031653E-004
   5.4999999701976776E-003   1.7065249532805056        3.2137671787508366E-004
   6.0000000521540642E-003   1.6709781431954731        3.2517482198537073E-004
   6.5000001341104507E-003   1.6368647642674714        3.3239479927645851E-004
   7.0000002160668373E-003   1.6039216902840727        3.3705823527780928E-004
   7.4999998323619366E-003   1.5723206801444709        3.4335847130397180E-004
   8.0000003799796104E-003   1.5418496861182363        3.4934235838001381E-004
   8.5000004619359970E-003   1.5124401634419102        3.5342501129531487E-004
   8.9999996125698090E-003   1.4841175554258217        3.6010789762150244E-004
   9.4999996945261955E-003   1.4566494811277648        3.6471638046880588E-004
   9.9999997764825821E-003   1.4302841631697671        3.6864557455366698E-004
   1.0499999858438969E-002   1.4046348654579639        3.7012604347376650E-004
   1.0999999940395355E-002   1.3799469050156250        3.7329427740972359E-004
   1.1500000022351742E-002   1.3560103908950305        3.7675619100884926E-004
   1.2000000104308128E-002   1.3327880588273266        3.8416820544025644E-004
   1.2500000186264515E-002   1.3104485069709859        3.8759543125320943E-004
   1.3000000268220901E-002   1.2888919690844176        3.9035621728462043E-004
   1.3500000350177288E-002   1.2678754952454605        3.9587108143259868E-004
   1.4000000432133675E-002   1.2474667447355163        4.0322824173466527E-004
   1.4499999582767487E-002   1.2277486900957408        4.0669156820818367E-004
   1.4999999664723873E-002   1.2086060333684103        4.1072701303930434E-004
   1.5499999746680260E-002   1.1900904947617736        4.1347665064890744E-004
   1.6000000759959221E-002   1.1720362540644460        4.1822925882776765E-004
   1.6499999910593033E-002   1.1545345210493816        4.2039716190659212E-004
   1.7000000923871994E-002   1.1375298125296609        4.2509323584212922E-004
   1.7500000074505806E-002   1.1208911700691546        4.2768831017547094E-004
   1.7999999225139618E-002   1.1048298923299498        4.3208535995873547E-004
   1.8500000238418579E-002   1.0891694339286422        4.3701858276492807E-004
   1.8999999389052391E-002   1.0739877973493996        4.4179530482702656E-004
   1.9500000402331352E-002   1.0590942539022206        4.4523672748612142E-004
   1.9999999552965164E-002   1.0447094941983870        4.5038356962859234E-004
   2.0500000566244125E-002   1.0307150914022432        4.5424768935229797E-004
   2.0999999716877937E-002   1.0170081460773517        4.5745410826527862E-004
   2.1500000730156898E-002   1.0036453972726764        4.6062975406669824E-004
   2.1999999880790710E-002  0.99066180619405586        4.6590849756745031E-004
   2.2500000894069672E-002  0.97809292603233677        4.7012830503794797E-004
   2.3000000044703484E-002  0.96558195141051073        4.7454365347253830E-004
   2.3499999195337296E-002  0.95341876715577345        4.7658188967003600E-004
   2.4000000208616257E-002  0.94157287623282004        4.7995932689202264E-004
   2.4499999359250069E-002  0.93000171306934176        4.8204527115949304E-004
   2.5000000372529030E-002  0.91871260130365229        4.8206896294624585E-004
   2.5499999523162842E-002  0.90780028771843446        4.8366630776910605E-004
   2.6000000536441803E-002  0.89704547003771096        4.8769004416087053E-004
   2.6499999687075615E-002  0.88664133794071398        4.8918719981938432E-004
   2.7000000700354576E-002  0.87637047274070090        4.9861288720583436E-004
   2.7499999850988388E-002  0.86615195223154995        5.0427641226962448E-004
   2.8000000864267349E-002  0.85639589538281191        5.0585007972871968E-004
   2.8500000014901161E-002  0.84671472674742099        5.0645075773171839E-004
   2.8999999165534973E-002  0.83719585785910788        5.0717921693588773E-004
   2.9500000178813934E-002  0.82789462852336737        5.0762564139192735E-004
   2.9999999329447746E-002  0.81893249173568061        5.0280007167485276E-004
   3.0500000342726707E-002  0.81013295147848929        5.0706938172626829E-004
   3.0999999493360519E-002  0.80146566521407125        5.0481948961385358E-004
   3.1500000506639481E-002  0.79286139124388244        5.0826149883621754E-004
   3.2000001519918442E-002  0.78457165975233822        5.1186973530687038E-004
   3.2499998807907104E-002  0.77631730181443359        5.1583256993943639E-004
   3.2999999821186066E-002  0.76820444583432923        5.1138894064213113E-004
   3.3500000834465027E-002  0.76028700266831550        5.1782278436460845E-004
   3.4000001847743988E-002  0.75272061434385529        5.2030071614281054E-004
   3.4499999135732651E-002  0.74523519614967115        5.2027241496823405E-004
   3.5000000149011612E-002  0.73781995200393269        5.2263329503651735E-004
   3.5500001162290573E-002  0.73051408538199536        5.2251153089088857E-004
   3.5999998450279236E-002  0.72335954458651963        5.2247601375124354E-004
   3.6499999463558197E-002  0.71626471688286764        5.3186822228354607E-004
   3.7000000476837158E-002  0.70936075389001163        5.3234651670894110E-004
   3.7500001490116119E-002  0.70257754194703848        5.3551295641484135E-004
   3.7999998778104782E-002  0.69577151541163262        5.3836309291867106E-004
   3.8499999791383743E-002  0.68928943030914502        5.4764902698447725E-004
   3.9000000804662704E-002  0.68271331956188774        5.4051899913544303E-004
   3.9500001817941666E-002  0.67636070329265507        5.3911358862255621E-004
   3.9999999105930328E-002  0.67011109091700760        5.3646401274579753E-004
   4.0500000119209290E-002  0.66396665882683814        5.3649379836751790E-004
   4.1000001132488251E-002  0.65807442071474120        5.4470361617984674E-004
   4.1499998420476913E-002  0.65211317717706307        5.4762858448530237E-004
   4.1999999433755875E-002  0.64617205465562355        5.4709802261036051E-004
   4.2500000447034836E-002  0.64024377155458478        5.4596505119268478E-004
   4.3000001460313797E-002  0.63441273395761777        5.4729053188360246E-004
   4.3499998748302460E-002  0.62872057911550128        5.4851864749607933E-004
   4.3999999761581421E-002  0.62320997952882828        5.5720468563721264E-004
   4.4500000774860382E-002  0.61790574683313093        5.5520280150188957E-004
   4.5000001788139343E-002  0.61261460797055167        5.5902682482491519E-004
   4.5499999076128006E-002  0.60721949408185627        5.5323262342727234E-004
   4.6000000089406967E-002  0.60203842923590478        5.5469659631025229E-004
   4.6500001102685928E-002  0.59696556059061723        5.5771379102010515E-004
   4.6999998390674591E-002  0.59209262980951127        5.5916372516440357E-004
   4.7499999403953552E-002  0.58728010487672500        5.5975652015670776E-004
   4.8000000417232513E-002  0.58227362514149084        5.6445911018675968E-004
   4.8500001430511475E-002  0.57748211761368873        5.6204307764429011E-004
   4.8999998718500137E-002  0.57279797028478829        5.6253909653487507E-004
   4.9499999731779099E-002  0.56802704356325262        5.6384759703649199E-004
   5.0000000745058060E-002  0.56323789282410130        5.5594486143341457E-004
   5.0500001758337021E-002  0.55872966474118113        5.5548795320099070E-004
   5.0999999046325684E-002  0.55412966258851593        5.5267842844462399E-004
   5.1500000059604645E-002  0.54961682362946052        5.5364637281314600E-004
   5.2000001072883606E-002  0.54532564986905485        5.5295022560017761E-004
   5.2499998360872269E-002  0.54105729746873310        5.5478195098696134E-004
   5.2999999374151230E-002  0.53671706667304464        5.5472266981537938E-004
   5.3500000387430191E-002  0.53260604569186631        5.5674294890095590E-004
   5.4000001400709152E-002  0.52855325236960249        5.6039210715768176E-004
   5.4499998688697815E-002  0.52455046625296731        5.6189260625274877E-004
   5.4999999701976776E-002  0.52057721471128804        5.6150770398085792E-004
   5.5500000715255737E-002  0.51663826604253638        5.6701401836626794E-004
   5.6000001728534698E-002  0.51254454763102819        5.6987235500469168E-004
   5.6499999016523361E-002  0.50836245546642267        5.7036835999130567E-004
   5.7000000029802322E-002  0.50437284346660494        5.6868097826370638E-004
   5.7500001043081284E-002  0.50067091407836262        5.7096856438583780E-004
   5.7999998331069946E-002  0.49690377222958493        5.7174014726937047E-004
   5.8499999344348907E-002  0.49322480630432569        5.6890675770656025E-004
   5.9000000357627869E-002  0.48952000843866428        5.6553792128652880E-004
   5.9500001370906830E-002  0.48598074401774938        5.7290926822454872E-004
   5.9999998658895493E-002  0.48246236177928403        5.8120220661976108E-004
   6.0499999672174454E-002  0.47909212568721132        5.8445216251963746E-004
   6.1000000685453415E-002  0.47547552618204969        5.8546099626764130E-004
   6.1500001698732376E-002  0.47200753290375452        5.8112669811492617E-004
   6.1999998986721039E-002  0.46843032643847932        5.8138668602571012E-004
   6.2500000000000000E-002  0.46489765160354968        5.8254228488640680E-004
   6.3000001013278961E-002  0.46135717276566690        5.8609137247968258E-004
   6.3500002026557922E-002  0.45782579814152297        5.8217322209998604E-004
   6.4000003039836884E-002  0.45452023392024227        5.8724931725583074E-004
   6.4499996602535248E-002  0.45118916221180511        5.9907699212201641E-004
   6.4999997615814209E-002  0.44807012217756992        5.9782902174013294E-004
   6.5499998629093170E-002  0.44491226093106645        5.9251952449753905E-004
   6.5999999642372131E-002  0.44176101373499399        5.9004875095057822E-004
   6.6500000655651093E-002  0.43834471819444604        5.9037608511513628E-004
   6.7000001668930054E-002  0.43531673665431264        5.8725127887701090E-004
   6.7500002682209015E-002  0.43218516485014996        5.8819340729828547E-004
   6.8000003695487976E-002  0.42893377814507300        5.8322183189939137E-004
   6.8499997258186340E-002  0.42581954031555785        5.8772166129703821E-004
   6.8999998271465302E-002  0.42278911071233483        5.9896524965538840E-004
   6.9499999284744263E-002  0.41992895300536570        5.7429265586519116E-004
   7.0000000298023224E-002  0.41713842183602945        5.7714213254433922E-004
   7.0500001311302185E-002  0.41397114439248439        5.8049276478898827E-004
   7.1000002324581146E-002  0.41105628529001442        5.8617835828592276E-004
   7.1500003337860107E-002  0.40802174401427699        5.8464466608861791E-004
   7.1999996900558472E-002  0.40499558177790934        6.0447371215508773E-004
   7.2499997913837433E-002  0.40227906669091795        5.9271605335373785E-004
   7.2999998927116394E-002  0.39959355075229502        5.7824502638731921E-004
   7.3499999940395355E-002  0.39664284600048821        5.8056764742372958E-004
   7.4000000953674316E-002  0.39355273889080933        6.0674456331723118E-004
   7.4500001966953278E-002  0.39106200345178804        5.7898691429638706E-004
   7.5000002980232239E-002  0.38834447575703390        5.8137574583647404E-004
