   0.0000000000000000        2.1593726561901128        4.7098308302394797E-004
   5.0000002374872565E-004   2.0914079624961621        2.5070702420012804E-004
   1.0000000474974513E-003   2.0324026695469284        2.4550645684837878E-004
   1.5000000130385160E-003   1.9777101365033263        2.4721044548876294E-004
   2.0000000949949026E-003   1.9265697124883605        2.5002781112099274E-004
   2.4999999441206455E-003   1.8782399947115236        2.5567039201604988E-004
   3.0000000260770321E-003   1.8322926527570274        2.6040109222129565E-004
   3.5000001080334187E-003   1.7886387476224783        2.6479861173832195E-004
   4.0000001899898052E-003   1.7469393367962993        2.7063194319197962E-004
   4.4999998062849045E-003   1.7071264883074866        2.7665414419814695E-004
   4.9999998882412910E-003   1.6689147821198342        2.7962368006900475E-004
   5.4999999701976776E-003   1.6323253373938817        2.8788761551759530E-004
   6.0000000521540642E-003   1.5972767925388256        2.9143767167454462E-004
   6.5000001341104507E-003   1.5636830655295573        2.9845383225462422E-004
   7.0000002160668373E-003   1.5312778753998348        3.0274834230826727E-004
   7.4999998323619366E-003   1.5001945150168863        3.0858024203078618E-004
   8.0000003799796104E-003   1.4702451453438241        3.1407396119818078E-004
   8.5000004619359970E-003   1.4413734808827046        3.1795984436080370E-004
   8.9999996125698090E-003   1.4135809924550620        3.2406176596914667E-004
   9.4999996945261955E-003   1.3866400977496334        3.2832469859838000E-004
   9.9999997764825821E-003   1.3608012046953677        3.3193773146884928E-004
   1.0499999858438969E-002   1.3356902529631185        3.3368183368328870E-004
   1.0999999940395355E-002   1.3115260803898718        3.3675038988763148E-004
   1.1500000022351742E-002   1.2881297103547336        3.4074602954123974E-004
   1.2000000104308128E-002   1.2654374291351651        3.4777254184996246E-004
   1.2500000186264515E-002   1.2436180272646524        3.5171494256445741E-004
   1.3000000268220901E-002   1.2225665628685931        3.5418390936189242E-004
   1.3500000350177288E-002   1.2020439855216212        3.5976662113495930E-004
   1.4000000432133675E-002   1.1821466888493977        3.6630196144325821E-004
   1.4499999582767487E-002   1.1629263324781844        3.6948724858233066E-004
   1.4999999664723873E-002   1.1442775325698520        3.7351834965792798E-004
   1.5499999746680260E-002   1.1262556256147658        3.7600363057857007E-004
   1.6000000759959221E-002   1.1086928747222482        3.8049860194584099E-004
   1.6499999910593033E-002   1.0916628318294312        3.8262164743926570E-004
   1.7000000923871994E-002   1.0751315485049417        3.8677564787197342E-004
   1.7500000074505806E-002   1.0589794707878812        3.8926455298450514E-004
   1.7999999225139618E-002   1.0433809170233483        3.9323617994199125E-004
   1.8500000238418579E-002   1.0281955115881987        3.9770552601867771E-004
   1.8999999389052391E-002   1.0134657896890482        4.0170051493344696E-004
   1.9500000402331352E-002  0.99903064124961571        4.0506685601128989E-004
   1.9999999552965164E-002  0.98510872261893889        4.0953078594425712E-004
   2.0500000566244125E-002  0.97157000619286082        4.1275639278418220E-004
   2.0999999716877937E-002  0.95829762460961665        4.1577358743269958E-004
   2.1500000730156898E-002  0.94538927116292348        4.1883629689577648E-004
   2.1999999880790710E-002  0.93284109645266144        4.2343971475844661E-004
   2.2500000894069672E-002  0.92068620235199627        4.2715489047161556E-004
   2.3000000044703484E-002  0.90862483744984957        4.3104399262259543E-004
   2.3499999195337296E-002  0.89689315462267127        4.3286959512215463E-004
   2.4000000208616257E-002  0.88547481650651416        4.3568678843337942E-004
   2.4499999359250069E-002  0.87430255772835141        4.3718007950088316E-004
   2.5000000372529030E-002  0.86343325893926648        4.3731802852250301E-004
   2.5499999523162842E-002  0.85290786589960843        4.3924795935706908E-004
   2.6000000536441803E-002  0.84255263692664673        4.4271067490244477E-004
   2.6499999687075615E-002  0.83253900095372391        4.4388346838213283E-004
   2.7000000700354576E-002  0.82266270718440571        4.5225401421098967E-004
   2.7499999850988388E-002  0.81286116493075478        4.5753541067921114E-004
   2.8000000864267349E-002  0.80348631180931362        4.5908638644340504E-004
   2.8500000014901161E-002  0.79420330036269826        4.5999801070003839E-004
   2.8999999165534973E-002  0.78506593289214055        4.6079543445226459E-004
   2.9500000178813934E-002  0.77615592925110144        4.6128465672753543E-004
   2.9999999329447746E-002  0.76755360098000103        4.5643064148351178E-004
   3.0500000342726707E-002  0.75912394364141900        4.6023858542085136E-004
   3.0999999493360519E-002  0.75083487117105874        4.5852995604143742E-004
   3.1500000506639481E-002  0.74260780183707631        4.6216425946820125E-004
   3.2000001519918442E-002  0.73467014328703850        4.6582765483239223E-004
   3.2499998807907104E-002  0.72678318887976190        4.6928671051044710E-004
   3.2999999821186066E-002  0.71903703618128478        4.6556061590226127E-004
   3.3500000834465027E-002  0.71149018233562233        4.7152047074677702E-004
   3.4000001847743988E-002  0.70425437084496778        4.7354385942593915E-004
   3.4499999135732651E-002  0.69710189940450629        4.7355375557101833E-004
   3.5000000149011612E-002  0.69002783647439070        4.7570436875183497E-004
   3.5500001162290573E-002  0.68306939335627193        4.7577740911879021E-004
   3.5999998450279236E-002  0.67624634259306182        4.7533612711340908E-004
   3.6499999463558197E-002  0.66950802986268687        4.8332120476680111E-004
   3.7000000476837158E-002  0.66293001635537596        4.8361965830126931E-004
   3.7500001490116119E-002  0.65647933863094599        4.8620869496107140E-004
   3.7999998778104782E-002  0.65001228250498055        4.8892920335666542E-004
   3.8499999791383743E-002  0.64384450693592021        4.9705147886843154E-004
   3.9000000804662704E-002  0.63759236169379330        4.9071412527267944E-004
   3.9500001817941666E-002  0.63157151836010950        4.8949545379964928E-004
   3.9999999105930328E-002  0.62563412107699801        4.8757526711762247E-004
   4.0500000119209290E-002  0.61980494752909632        4.8782096349914042E-004
   4.1000001132488251E-002  0.61420603589237788        4.9504045561581654E-004
   4.1499998420476913E-002  0.60854779528758329        4.9773724698333162E-004
   4.1999999433755875E-002  0.60290706982506548        4.9732807533833562E-004
   4.2500000447034836E-002  0.59728912833284775        4.9618345415012460E-004
   4.3000001460313797E-002  0.59178288222331565        4.9704448356265832E-004
   4.3499998748302460E-002  0.58639692174349189        4.9803958778438511E-004
   4.3999999761581421E-002  0.58117967596080411        5.0566899225320432E-004
   4.4500000774860382E-002  0.57614317997529896        5.0395483205310906E-004
   4.5000001788139343E-002  0.57113311785109533        5.0784356562764402E-004
   4.5499999076128006E-002  0.56604367804733080        5.0275307736677877E-004
   4.6000000089406967E-002  0.56114103101535806        5.0446479138700068E-004
   4.6500001102685928E-002  0.55634269127084124        5.0694597939095773E-004
   4.6999998390674591E-002  0.55173560034889668        5.0824812379928863E-004
   4.7499999403953552E-002  0.54717241783355219        5.0871042844304450E-004
   4.8000000417232513E-002  0.54243308041609317        5.1300256248633131E-004
   4.8500001430511475E-002  0.53790531035812650        5.1066777938415804E-004
   4.8999998718500137E-002  0.53348480500473316        5.1128130479352282E-004
   4.9499999731779099E-002  0.52897809436776255        5.1167122289133701E-004
   5.0000000745058060E-002  0.52449270487896837        5.0492192481780477E-004
   5.0500001758337021E-002  0.52023496290482019        5.0443731795292370E-004
   5.0999999046325684E-002  0.51587348812683576        5.0199940198607555E-004
   5.1500000059604645E-002  0.51162766932407577        5.0283727532197508E-004
   5.2000001072883606E-002  0.50756622358013148        5.0213868383619292E-004
   5.2499998360872269E-002  0.50353801093924544        5.0395544636657732E-004
   5.2999999374151230E-002  0.49945338545229057        5.0438078688107854E-004
   5.3500000387430191E-002  0.49557094226227144        5.0585600455879307E-004
   5.4000001400709152E-002  0.49175486904721211        5.0904341821315902E-004
   5.4499998688697815E-002  0.48797508241746884        5.1018360505627016E-004
   5.4999999701976776E-002  0.48424587825695609        5.0957023327923717E-004
   5.5500000715255737E-002  0.48053028644335610        5.1457763005329556E-004
   5.6000001728534698E-002  0.47669941545920780        5.1731145859396793E-004
   5.6499999016523361E-002  0.47279860628239267        5.1845413775702411E-004
   5.7000000029802322E-002  0.46904652716946876        5.1692846008089010E-004
   5.7500001043081284E-002  0.46556337606143405        5.1897602847851337E-004
   5.7999998331069946E-002  0.46202814824021848        5.1965094632754679E-004
   5.8499999344348907E-002  0.45857599824445794        5.1730405948266630E-004
   5.9000000357627869E-002  0.45510502526605612        5.1428631631925798E-004
   5.9500001370906830E-002  0.45177718604234607        5.2048001942138987E-004
   5.9999998658895493E-002  0.44845352981414416        5.2836736902660167E-004
   6.0499999672174454E-002  0.44530471944979699        5.3136171969172781E-004
   6.1000000685453415E-002  0.44190751924263266        5.3186372103377364E-004
   6.1500001698732376E-002  0.43863977629540490        5.2806839300983835E-004
   6.1999998986721039E-002  0.43531653830956535        5.2824202509881935E-004
   6.2500000000000000E-002  0.43201496139181406        5.2918294912679843E-004
   6.3000001013278961E-002  0.42869765422529293        5.3234258463401415E-004
   6.3500002026557922E-002  0.42540704901484705        5.2973986663633636E-004
   6.4000003039836884E-002  0.42231213846923310        5.3475128117342382E-004
   6.4499996602535248E-002  0.41918954188938440        5.4473714904813093E-004
   6.4999997615814209E-002  0.41626662868123032        5.4424698155333283E-004
   6.5499998629093170E-002  0.41331337293796311        5.3956658701924311E-004
   6.5999999642372131E-002  0.41036840803104374        5.3719181418022835E-004
   6.6500000655651093E-002  0.40718299178154327        5.3780186296762322E-004
   6.7000001668930054E-002  0.40434057367718584        5.3457859187872145E-004
   6.7500002682209015E-002  0.40142184700118561        5.3555006138963186E-004
   6.8000003695487976E-002  0.39838361301013842        5.3155729395875566E-004
   6.8499997258186340E-002  0.39546776470585004        5.3569567536730655E-004
   6.8999998271465302E-002  0.39262875576014777        5.4522982305835784E-004
   6.9499999284744263E-002  0.38995871546099009        5.2300143459001181E-004
   7.0000000298023224E-002  0.38734194984334364        5.2563406005679469E-004
   7.0500001311302185E-002  0.38439568205288199        5.2898019279436453E-004
   7.1000002324581146E-002  0.38167801946448909        5.3359712662223897E-004
   7.1500003337860107E-002  0.37885074646611294        5.3236515558477437E-004
   7.1999996900558472E-002  0.37603856050835421        5.4851743853114835E-004
   7.2499997913837433E-002  0.37350257330465264        5.3798471035583267E-004
   7.2999998927116394E-002  0.37099315580300907        5.2536671633791193E-004
   7.3499999940395355E-002  0.36824628882120275        5.2763277507321914E-004
   7.4000000953674316E-002  0.36537020774268775        5.5018276973445334E-004
   7.4500001966953278E-002  0.36304618753175383        5.2687905433043973E-004
   7.5000002980232239E-002  0.36049479196294715        5.2862826978367951E-004
