   0.0000000000000000        1.0236208587508651        1.2148081442225726E-004
   5.0000002374872565E-004  0.95906252870817532        1.3132911533609760E-004
   1.0000000474974513E-003  0.90520182989173137        1.3887618187400467E-004
   1.5000000130385160E-003  0.85821647119244238        1.4595406032261252E-004
   2.0000000949949026E-003  0.81616772889138578        1.5031454650679498E-004
   2.4999999441206455E-003  0.77792012160026758        1.5567937695678549E-004
   3.0000000260770321E-003  0.74288169062520593        1.5940853953143753E-004
   3.5000001080334187E-003  0.71041658141470587        1.6143040782112586E-004
   4.0000001899898052E-003  0.68026367050400516        1.6315196760701767E-004
   4.4999998062849045E-003  0.65206438116891019        1.6460894559857804E-004
   4.9999998882412910E-003  0.62563888307579596        1.6541567047867901E-004
   5.4999999701976776E-003  0.60079095632258150        1.6451137635930919E-004
   6.0000000521540642E-003  0.57731797285559938        1.6374419110637336E-004
   6.5000001341104507E-003  0.55508218549191612        1.6446285364859635E-004
   7.0000002160668373E-003  0.53408741591607722        1.6480248354517908E-004
   7.4999998323619366E-003  0.51412240281505384        1.6596219552362791E-004
   8.0000003799796104E-003  0.49516469179402528        1.6418964432900079E-004
   8.5000004619359970E-003  0.47710669068932599        1.6420188685886507E-004
   8.9999996125698090E-003  0.45993951162390517        1.6330809314273284E-004
   9.4999996945261955E-003  0.44352902114667131        1.6340172380372139E-004
   9.9999997764825821E-003  0.42786514807176274        1.6288149658551164E-004
   1.0499999858438969E-002  0.41296049115281347        1.6178921068120617E-004
   1.0999999940395355E-002  0.39863895476293110        1.6033521775455492E-004
   1.1500000022351742E-002  0.38499127016859652        1.5943001263496337E-004
   1.2000000104308128E-002  0.37191959648998563        1.5764390881222411E-004
   1.2500000186264515E-002  0.35936963600716332        1.5578324416234325E-004
   1.3000000268220901E-002  0.34730781062547633        1.5451301166083601E-004
   1.3500000350177288E-002  0.33573484965250261        1.5292439553201789E-004
   1.4000000432133675E-002  0.32466401592370608        1.5255741144407835E-004
   1.4499999582767487E-002  0.31404445324456032        1.4996951864954146E-004
   1.4999999664723873E-002  0.30379442423903591        1.4758928305361532E-004
   1.5499999746680260E-002  0.29398945359446915        1.4648814153014238E-004
   1.6000000759959221E-002  0.28457296261737164        1.4442091948250609E-004
   1.6499999910593033E-002  0.27552424875821246        1.4283909963038263E-004
   1.7000000923871994E-002  0.26681798555428921        1.4171467547530493E-004
   1.7500000074505806E-002  0.25842227471652490        1.3942060441148800E-004
   1.7999999225139618E-002  0.25035767532952108        1.3702990115419450E-004
   1.8500000238418579E-002  0.24257988714412157        1.3475926587531745E-004
   1.8999999389052391E-002  0.23505603630162661        1.3337982529247546E-004
   1.9500000402331352E-002  0.22782410766281166        1.3227704852260597E-004
   1.9999999552965164E-002  0.22085870416306097        1.3041304762358727E-004
   2.0500000566244125E-002  0.21411822869202282        1.2825952934125554E-004
   2.0999999716877937E-002  0.20764098502482620        1.2626594552254169E-004
   2.1500000730156898E-002  0.20137146526086219        1.2596843204513107E-004
   2.1999999880790710E-002  0.19539981377606358        1.2403754925907433E-004
   2.2500000894069672E-002  0.18957282957008428        1.2369817509483966E-004
   2.3000000044703484E-002  0.18394081242295582        1.2286657716174511E-004
   2.3499999195337296E-002  0.17853442169333039        1.2311025208004646E-004
   2.4000000208616257E-002  0.17331750028573584        1.2179995560518272E-004
   2.4499999359250069E-002  0.16823031793407900        1.2047937007667788E-004
   2.5000000372529030E-002  0.16332215308370746        1.1900378432553509E-004
   2.5499999523162842E-002  0.15856617428075265        1.1764024261415032E-004
   2.6000000536441803E-002  0.15399565957098679        1.1587767676190977E-004
   2.6499999687075615E-002  0.14957474886136149        1.1502670457218522E-004
   2.7000000700354576E-002  0.14531081310774224        1.1401845908253753E-004
   2.7499999850988388E-002  0.14118147307010373        1.1186430608647959E-004
   2.8000000864267349E-002  0.13712595047661624        1.1034017948849354E-004
   2.8500000014901161E-002  0.13326808747293464        1.0845394760790984E-004
   2.8999999165534973E-002  0.12953565296229447        1.0753043084728288E-004
   2.9500000178813934E-002  0.12591637653702695        1.0511244312565476E-004
   2.9999999329447746E-002  0.12239390675383309        1.0372326610694034E-004
   3.0500000342726707E-002  0.11899945072486787        1.0225858202548543E-004
   3.0999999493360519E-002  0.11570435090159507        1.0118817804100024E-004
   3.1500000506639481E-002  0.11250834377013717        9.8690419217895673E-005
   3.2000001519918442E-002  0.10944601203069571        9.7134888256151909E-005
   3.2499998807907104E-002  0.10641034433146011        9.5515222706980566E-005
   3.2999999821186066E-002  0.10353413547319258        9.3876850342634530E-005
   3.3500000834465027E-002  0.10071026900805125        9.3395234864251443E-005
   3.4000001847743988E-002   9.7985159153234636E-002   9.2567934173065790E-005
   3.4499999135732651E-002   9.5331062541019612E-002   9.1181514713457247E-005
   3.5000000149011612E-002   9.2766816117677994E-002   8.9886346552141719E-005
   3.5500001162290573E-002   9.0273604920009423E-002   9.0133234211271429E-005
   3.5999998450279236E-002   8.7826868575203609E-002   8.9606577230918807E-005
   3.6499999463558197E-002   8.5497138335300218E-002   8.8316690932578864E-005
   3.7000000476837158E-002   8.3212294485097371E-002   8.7996958499275056E-005
   3.7500001490116119E-002   8.0999280994734052E-002   8.7099314868148685E-005
   3.7999998778104782E-002   7.8889922729256656E-002   8.5480429712842784E-005
   3.8499999791383743E-002   7.6790182483177261E-002   8.5911073989637345E-005
   3.9000000804662704E-002   7.4799575155822570E-002   8.4468325882568738E-005
   3.9500001817941666E-002   7.2856670848009245E-002   8.3384150677533913E-005
   3.9999999105930328E-002   7.0963994504381553E-002   8.2115948734949498E-005
   4.0500000119209290E-002   6.9123054927410998E-002   8.1175248735960154E-005
   4.1000001132488251E-002   6.7327301462814806E-002   8.0537422885901608E-005
   4.1499998420476913E-002   6.5582331366422331E-002   7.9761262631353443E-005
   4.1999999433755875E-002   6.3915283957655555E-002   7.8351931814907796E-005
   4.2500000447034836E-002   6.2262504153479968E-002   7.7345016925811459E-005
   4.3000001460313797E-002   6.0647404798027715E-002   7.6274051886598528E-005
   4.3499998748302460E-002   5.9097601345966914E-002   7.5440103858503906E-005
   4.3999999761581421E-002   5.7607978775421988E-002   7.5273337991698481E-005
   4.4500000774860382E-002   5.6137546277917415E-002   7.4870296353035746E-005
   4.5000001788139343E-002   5.4702228621408666E-002   7.3650624348854153E-005
   4.5499999076128006E-002   5.3333045670782404E-002   7.2965729296530356E-005
   4.6000000089406967E-002   5.2003563464868861E-002   7.2210223771836362E-005
   4.6500001102685928E-002   5.0669893330365277E-002   7.1361503302525887E-005
   4.6999998390674591E-002   4.9399002142238684E-002   7.0465488796523233E-005
   4.7499999403953552E-002   4.8147552368716935E-002   6.9797598024674251E-005
   4.8000000417232513E-002   4.6948035660644198E-002   6.9109925171127431E-005
   4.8500001430511475E-002   4.5802603322231086E-002   6.8578971279533696E-005
   4.8999998718500137E-002   4.4658560139796084E-002   6.7175201639172190E-005
   4.9499999731779099E-002   4.3549136878000411E-002   6.6243604279137439E-005
   5.0000000745058060E-002   4.2472650706664596E-002   6.5888626964445574E-005
   5.0500001758337021E-002   4.1434737398626284E-002   6.5838259659419863E-005
   5.0999999046325684E-002   4.0429328013178473E-002   6.5348902586253457E-005
   5.1500000059604645E-002   3.9438727898205399E-002   6.5297581498044603E-005
   5.2000001072883606E-002   3.8475562940361821E-002   6.4715634070643504E-005
   5.2499998360872269E-002   3.7534603900312699E-002   6.4593747524520660E-005
   5.2999999374151230E-002   3.6627700000718653E-002   6.4074858597117432E-005
   5.3500000387430191E-002   3.5726251263353839E-002   6.3145350570840281E-005
   5.4000001400709152E-002   3.4862005350203097E-002   6.2206695248639496E-005
   5.4499998688697815E-002   3.4012447950368251E-002   6.1350504582482609E-005
   5.4999999701976776E-002   3.3183060203006334E-002   6.0939920692294438E-005
   5.5500000715255737E-002   3.2380110274851680E-002   6.0161704015568650E-005
   5.6000001728534698E-002   3.1602501586766099E-002   5.9892129183131825E-005
   5.6499999016523361E-002   3.0861801158422353E-002   5.9111767313639226E-005
   5.7000000029802322E-002   3.0122371794967583E-002   5.8224284502536225E-005
   5.7500001043081284E-002   2.9404216832028689E-002   5.7580540584124340E-005
   5.7999998331069946E-002   2.8704027144483731E-002   5.6392521586925077E-005
   5.8499999344348907E-002   2.7999390880560193E-002   5.5827309124893657E-005
   5.9000000357627869E-002   2.7331386504099144E-002   5.5097983974156526E-005
   5.9500001370906830E-002   2.6692530263476875E-002   5.4341547845499726E-005
   5.9999998658895493E-002   2.6064105984371335E-002   5.3293707574906645E-005
   6.0499999672174454E-002   2.5425867320301339E-002   5.2959860861581231E-005
   6.1000000685453415E-002   2.4823044061935220E-002   5.2354869650270180E-005
   6.1500001698732376E-002   2.4251081217950200E-002   5.1811400834227256E-005
   6.1999998986721039E-002   2.3687364767456427E-002   5.1633601624160746E-005
   6.2500000000000000E-002   2.3127631257466443E-002   5.0879049646962253E-005
   6.3000001013278961E-002   2.2599937950123872E-002   5.0735872538598605E-005
   6.3500002026557922E-002   2.2063639915605081E-002   4.9775845329984041E-005
   6.4000003039836884E-002   2.1543673544025251E-002   4.9028182646563861E-005
   6.4499996602535248E-002   2.1040058306935224E-002   4.8846035555278698E-005
   6.4999997615814209E-002   2.0544555035765896E-002   4.8358992102235725E-005
   6.5499998629093170E-002   2.0085324052527911E-002   4.7664445234546425E-005
   6.5999999642372131E-002   1.9644140282907840E-002   4.7148271307588764E-005
   6.6500000655651093E-002   1.9207183183696578E-002   4.6807545198635011E-005
   6.7000001668930054E-002   1.8777952982829988E-002   4.6904183080812558E-005
   6.7500002682209015E-002   1.8334895385350429E-002   4.5836726577461092E-005
   6.8000003695487976E-002   1.7908372888864647E-002   4.5463970052162622E-005
   6.8499997258186340E-002   1.7506299163885748E-002   4.5261152384429632E-005
   6.8999998271465302E-002   1.7113105989628532E-002   4.5057802671747956E-005
   6.9499999284744263E-002   1.6715711218083226E-002   4.4022718601789598E-005
   7.0000000298023224E-002   1.6331376409051086E-002   4.3187126405169492E-005
   7.0500001311302185E-002   1.5962152429406649E-002   4.2555032921051920E-005
   7.1000002324581146E-002   1.5604976208998401E-002   4.2025613230175161E-005
   7.1500003337860107E-002   1.5268437200763780E-002   4.1268044057153093E-005
   7.1999996900558472E-002   1.4925651803885725E-002   4.1674984879265403E-005
   7.2499997913837433E-002   1.4597003556002387E-002   4.1194919661412304E-005
   7.2999998927116394E-002   1.4275731197035065E-002   4.0226427676003272E-005
   7.3499999940395355E-002   1.3975563028047113E-002   4.0209814333708675E-005
   7.4000000953674316E-002   1.3668943025707628E-002   4.1000635458113220E-005
   7.4500001966953278E-002   1.3340213853264902E-002   3.9162518393945550E-005
   7.5000002980232239E-002   1.3059817157016191E-002   3.9887130750913236E-005
